<?xml version="1.0" encoding="UTF-8"?>
<testsuite name="ContactsTest" tests="1" skipped="0" failures="0" errors="0" timestamp="2020-04-01T03:27:01" hostname="DESKTOP-KG76D7U" time="0.422">
  <properties/>
  <testcase name="start" classname="ContactsTest" time="0.422"/>
  <system-out><![CDATA[?[1;31m
Start test 1?[0m
[menu] Enter action (add, list, search, count, exit):
>exit
?[1;31m
Start test 2?[0m
[menu] Enter action (add, list, search, count, exit):
>count
The Phone Book has 0 records.

[menu] Enter action (add, list, search, count, exit):
>exit
?[1;31m
Start test 3?[0m
[menu] Enter action (add, list, search, count, exit):
>add
Enter the type (person, organization):
>person
Enter name:
>John
Enter sur name:
>Smith
Enter birth date:
>
Bad value for birth date
Enter gender:
>
Bad value for gender
Enter phone number:
>123 456 789
The record added.

[menu] Enter action (add, list, search, count, exit):
>count
The Phone Book has 1 records.

[menu] Enter action (add, list, search, count, exit):
>exit
?[1;31m
Start test 4?[0m
[menu] Enter action (add, list, search, count, exit):
>add
Enter the type (person, organization):
>person
Enter name:
>John
Enter sur name:
>Smith
Enter birth date:
>
Bad value for birth date
Enter gender:
>
Bad value for gender
Enter phone number:
>123 456 789
The record added.

[menu] Enter action (add, list, search, count, exit):
>list
1. John Smith

[list] Enter action ([number], back)
>1
Name: John
Surname: Smith
Birth date: [no data]
contacts.Gender: [no data]
Number: 123 456 789
Time created: 2020-04-01T06:27:01.887647200
Time last edit: 2020-04-01T06:27:01.889642100

[record] Enter action (edit, delete, menu):
>menu

[menu] Enter action (add, list, search, count, exit):
>exit
?[1;31m
Start test 5?[0m
[menu] Enter action (add, list, search, count, exit):
>add
Enter the type (person, organization):
>organization
Enter name:
>Pizza Shop
Enter address:
>Wall St. 1
Enter phone number:
>+0 (123) 456-789-9999
The record added.

[menu] Enter action (add, list, search, count, exit):
>list
1. Pizza Shop

[list] Enter action ([number], back)
>1
Organization name: Pizza Shop
Address: Wall St. 1
Number: +0 (123) 456-789-9999
Time created: 2020-04-01T06:27:01.911584
Time last edit: 2020-04-01T06:27:01.912580800

[record] Enter action (edit, delete, menu):
>menu

[menu] Enter action (add, list, search, count, exit):
>exit
?[1;31m
Start test 6?[0m
[menu] Enter action (add, list, search, count, exit):
>add
Enter the type (person, organization):
>person
Enter name:
>John
Enter sur name:
>Smith
Enter birth date:
>
Bad value for birth date
Enter gender:
>
Bad value for gender
Enter phone number:
>123 456 789
The record added.

[menu] Enter action (add, list, search, count, exit):
>list
1. John Smith

[list] Enter action ([number], back)
>1
Name: John
Surname: Smith
Birth date: [no data]
contacts.Gender: [no data]
Number: 123 456 789
Time created: 2020-04-01T06:27:01.918564600
Time last edit: 2020-04-01T06:27:01.919561700

[record] Enter action (edit, delete, menu):
>edit
Select field (name, sur name, birth date, gender, phone number)
>gender
Enter gender:
>M
[record] Enter action (edit, delete, menu):
>menu

[menu] Enter action (add, list, search, count, exit):
>list
1. John Smith

[list] Enter action ([number], back)
>1
Name: John
Surname: Smith
Birth date: [no data]
contacts.Gender: Male
Number: 123 456 789
Time created: 2020-04-01T06:27:01.918564600
Time last edit: 2020-04-01T06:27:01.919561700

[record] Enter action (edit, delete, menu):
>menu

[menu] Enter action (add, list, search, count, exit):
>exit
?[1;31m
Start test 7?[0m
[menu] Enter action (add, list, search, count, exit):
>add
Enter the type (person, organization):
>organization
Enter name:
>Pizza Shop
Enter address:
>Wall St. 1
Enter phone number:
>+0 (123) 456-789-9999
The record added.

[menu] Enter action (add, list, search, count, exit):
>list
1. Pizza Shop

[list] Enter action ([number], back)
>1
Organization name: Pizza Shop
Address: Wall St. 1
Number: +0 (123) 456-789-9999
Time created: 2020-04-01T06:27:01.940506500
Time last edit: 2020-04-01T06:27:01.941503900

[record] Enter action (edit, delete, menu):
>edit
Select field (name, address, phone number)
>address
Enter address:
>Wall St 2
[record] Enter action (edit, delete, menu):
>menu

[menu] Enter action (add, list, search, count, exit):
>list
1. Pizza Shop

[list] Enter action ([number], back)
>1
Organization name: Pizza Shop
Address: Wall St 2
Number: +0 (123) 456-789-9999
Time created: 2020-04-01T06:27:01.940506500
Time last edit: 2020-04-01T06:27:01.941503900

[record] Enter action (edit, delete, menu):
>menu

[menu] Enter action (add, list, search, count, exit):
>exit
?[1;31m
Start test 8?[0m
[menu] Enter action (add, list, search, count, exit):
>add
Enter the type (person, organization):
>organization
Enter name:
>Pizza Shop
Enter address:
>Wall St. 1
Enter phone number:
>+0 (123) 456-789-9999
The record added.

[menu] Enter action (add, list, search, count, exit):
>add
Enter the type (person, organization):
>person
Enter name:
>John
Enter sur name:
>Smith
Enter birth date:
>
Bad value for birth date
Enter gender:
>
Bad value for gender
Enter phone number:
>123 456 789
The record added.

[menu] Enter action (add, list, search, count, exit):
>add
Enter the type (person, organization):
>organization
Enter name:
>PizzaNuts
Enter address:
>Wall St. 6
Enter phone number:
>+0 (123) 456-789-9999
The record added.

[menu] Enter action (add, list, search, count, exit):
>search
Enter search query:
>pizz
Found 2 results:
1 Pizza Shop
2 PizzaNuts

[search] Enter action ([number], back, again):
>1
Organization name: Pizza Shop
Address: Wall St. 1
Number: +0 (123) 456-789-9999
Time created: 2020-04-01T06:27:01.951478400
Time last edit: 2020-04-01T06:27:01.952474400

[record] Enter action (edit, delete, menu):
>menu

[menu] Enter action (add, list, search, count, exit):
>exit
?[1;31m
Start test 9?[0m
[menu] Enter action (add, list, search, count, exit):
>add
Enter the type (person, organization):
>organization
Enter name:
>Pizza Shop
Enter address:
>Wall St. 1
Enter phone number:
>+0 (123) 456-789-9999
The record added.

[menu] Enter action (add, list, search, count, exit):
>add
Enter the type (person, organization):
>person
Enter name:
>John
Enter sur name:
>Smith
Enter birth date:
>
Bad value for birth date
Enter gender:
>
Bad value for gender
Enter phone number:
>123 456 789
The record added.

[menu] Enter action (add, list, search, count, exit):
>add
Enter the type (person, organization):
>organization
Enter name:
>PizzaNuts
Enter address:
>Wall St. 6
Enter phone number:
>+0 (123) 456-789-9999
The record added.

[menu] Enter action (add, list, search, count, exit):
>search
Enter search query:
>s
Found 3 results:
1 Pizza Shop
2 John Smith
3 PizzaNuts

[search] Enter action ([number], back, again):
>1
Organization name: Pizza Shop
Address: Wall St. 1
Number: +0 (123) 456-789-9999
Time created: 2020-04-01T06:27:01.967434600
Time last edit: 2020-04-01T06:27:01.969428300

[record] Enter action (edit, delete, menu):
>menu

[menu] Enter action (add, list, search, count, exit):
>exit
?[1;31m
Start test 10?[0m
[menu] Enter action (add, list, search, count, exit):
>add
Enter the type (person, organization):
>organization
Enter name:
>Pizza Shop
Enter address:
>Wall St. 1
Enter phone number:
>+0 (123) 456-789-9999
The record added.

[menu] Enter action (add, list, search, count, exit):
>add
Enter the type (person, organization):
>person
Enter name:
>John
Enter sur name:
>Smith
Enter birth date:
>
Bad value for birth date
Enter gender:
>
Bad value for gender
Enter phone number:
>123 456 789
The record added.

[menu] Enter action (add, list, search, count, exit):
>add
Enter the type (person, organization):
>organization
Enter name:
>PizzaNuts
Enter address:
>Wall St. 6
Enter phone number:
>+0 (123) 456-781-9999
The record added.

[menu] Enter action (add, list, search, count, exit):
>search
Enter search query:
>789
Found 2 results:
1 Pizza Shop
2 John Smith

[search] Enter action ([number], back, again):
>1
Organization name: Pizza Shop
Address: Wall St. 1
Number: +0 (123) 456-789-9999
Time created: 2020-04-01T06:27:01.977407400
Time last edit: 2020-04-01T06:27:01.978404700

[record] Enter action (edit, delete, menu):
>menu

[menu] Enter action (add, list, search, count, exit):
>exit
]]></system-out>
  <system-err><![CDATA[]]></system-err>
</testsuite>
